\BOOKMARK [0][-]{chapter*.2}{\376\377\000\332\000v\000o\000d}{}% 1
\BOOKMARK [0][-]{chapter.1}{\376\377\000M\000a\000t\000e\000m\000a\000t\000i\000c\000k\000\341\000\040\000l\000o\000g\000i\000k\000a\000\040\000a\000\040\000d\001\157\000k\000a\000z\000y}{}% 2
\BOOKMARK [1][-]{section.1.1}{\376\377\000V\000\375\000r\000o\000k\000o\000v\000\341\000\040\000l\000o\000g\000i\000k\000a}{chapter.1}% 3
\BOOKMARK [1][-]{section.1.2}{\376\377\000O\000d\000b\000o\001\015\000k\000a\000\040\040\024\000\040\000P\000r\000e\000d\000i\000k\000\341\000t\000o\000v\000\341\000\040\000l\000o\000g\000i\000k\000a}{chapter.1}% 4
\BOOKMARK [1][-]{section.1.3}{\376\377\000O\000d\000b\000o\001\015\000k\000a\000\040\040\024\000\040\000P\001\131\000i\000r\000o\000z\000e\000n\000\341\000\040\000d\000e\000d\000u\000k\000c\000e}{chapter.1}% 5
\BOOKMARK [1][-]{section.1.4}{\376\377\000D\001\157\000k\000a\000z\000y}{chapter.1}% 6
\BOOKMARK [0][-]{chapter.2}{\376\377\000M\000n\000o\001\176\000i\000n\000y\000,\000\040\000r\000e\000l\000a\000c\000e\000\040\000a\000\040\001\015\000\355\000s\000l\000a}{}% 7
\BOOKMARK [1][-]{section.2.1}{\376\377\000O\000d\000b\000o\001\015\000k\000a\000\040\040\024\000\040\000A\000x\000i\000o\000m\000a\000t\000i\000c\000k\000\341\000\040\000t\000e\000o\000r\000i\000e\000\040\000m\000n\000o\001\176\000i\000n}{chapter.2}% 8
\BOOKMARK [2][-]{subsection.2.1.1}{\376\377\000A\000x\000i\000o\000m\000\040\000o\000f\000\040\000e\000x\000t\000e\000n\000s\000i\000o\000n}{section.2.1}% 9
\BOOKMARK [2][-]{subsection.2.1.2}{\376\377\000A\000x\000i\000o\000m\000\040\000o\000f\000\040\000t\000h\000e\000\040\000e\000m\000p\000t\000y\000\040\000s\000e\000t}{section.2.1}% 10
\BOOKMARK [2][-]{subsection.2.1.3}{\376\377\000A\000x\000i\000o\000m\000\040\000s\000c\000h\000e\000m\000a\000\040\000o\000f\000\040\000s\000e\000p\000a\000r\000a\000t\000i\000o\000n}{section.2.1}% 11
\BOOKMARK [2][-]{subsection.2.1.4}{\376\377\000A\000x\000i\000o\000m\000\040\000o\000f\000\040\000p\000a\000i\000r\000i\000n\000g}{section.2.1}% 12
\BOOKMARK [2][-]{subsection.2.1.5}{\376\377\000A\000x\000i\000o\000m\000\040\000o\000f\000\040\000u\000n\000i\000o\000n}{section.2.1}% 13
\BOOKMARK [2][-]{subsection.2.1.6}{\376\377\000A\000x\000i\000o\000m\000\040\000o\000f\000\040\000p\000o\000w\000e\000r\000\040\000s\000e\000t}{section.2.1}% 14
\BOOKMARK [2][-]{subsection.2.1.7}{\376\377\000A\000x\000i\000o\000m\000\040\000o\000f\000\040\000i\000n\000f\000i\000n\000i\000t\000y}{section.2.1}% 15
\BOOKMARK [2][-]{subsection.2.1.8}{\376\377\000A\000x\000i\000o\000m\000\040\000o\000f\000\040\000c\000h\000o\000i\000c\000e}{section.2.1}% 16
\BOOKMARK [2][-]{subsection.2.1.9}{\376\377\000A\000x\000i\000o\000m\000\040\000s\000c\000h\000e\000m\000a\000\040\000o\000f\000\040\000r\000e\000p\000l\000a\000c\000e\000m\000e\000n\000t}{section.2.1}% 17
\BOOKMARK [1][-]{section.2.2}{\376\377\000M\000n\000o\001\176\000i\000n\000y}{chapter.2}% 18
\BOOKMARK [1][-]{section.2.3}{\376\377\000R\000e\000l\000a\000c\000e}{chapter.2}% 19
\BOOKMARK [1][-]{section.2.4}{\376\377\001\014\000\355\000s\000l\000a}{chapter.2}% 20
